13:26:27.709 [main] DEBUG org.testng.TestNG - suiteXmlPath: "D:\Work Activity\Pavan pgm File\Testing Pgm File\project\new project\opencart-master\mastersuite.xml"
13:26:32.960 [main] DEBUG testCases.TC_001_AccountRegistrationTest - application logs started......
13:26:32.960 [main] INFO  testCases.TC_001_AccountRegistrationTest - **** starting TC_001_AccountRegistrationTest  *****
13:26:33.363 [main] INFO  testCases.TC_001_AccountRegistrationTest - Clicked on MyAccount link
13:26:33.887 [main] INFO  testCases.TC_001_AccountRegistrationTest - Clicked on registration link
13:26:33.888 [main] INFO  testCases.TC_001_AccountRegistrationTest - Entering customer details.. 
13:26:36.172 [main] INFO  testCases.TC_001_AccountRegistrationTest - clicked on continue..
13:26:36.249 [main] INFO  testCases.TC_001_AccountRegistrationTest - Validating expected message..
13:26:36.253 [main] DEBUG testCases.TC_001_AccountRegistrationTest - application logs end.......
13:26:36.254 [main] INFO  testCases.TC_001_AccountRegistrationTest - **** finished TC_001_AccountRegistrationTest  *****
13:26:39.205 [main] INFO  testCases.TC_002_LoginTest - **** Starting TC_002_LoginTest  ****
13:26:39.206 [main] DEBUG testCases.TC_002_LoginTest - capturing application debug logs....
13:26:39.494 [main] INFO  testCases.TC_002_LoginTest - clicked on myaccount link on the home page..
13:26:39.962 [main] INFO  testCases.TC_002_LoginTest - clicked on login link under myaccount..
13:26:39.964 [main] INFO  testCases.TC_002_LoginTest - Entering valid email and password..
13:26:41.313 [main] INFO  testCases.TC_002_LoginTest - clicked on ligin button..
13:26:41.395 [main] INFO  testCases.TC_002_LoginTest - **** Finished TC_002_LoginTest  ****
13:26:44.488 [main] INFO  testCases.TC_004_SearchProductTest -  Starting TC_004_SearchProductTest 
13:26:45.387 [main] INFO  testCases.TC_004_SearchProductTest -  Finished TC_004_SearchProductTest 
13:26:48.636 [main] INFO  testCases.TC_005_AddToCartPageTest -  Starting TC_005_AddToCartPageTest 
13:26:50.662 [main] INFO  testCases.TC_005_AddToCartPageTest -  Finished TC_004_SearchProductTest 
13:27:35.425 [main] DEBUG testCases.TC_001_AccountRegistrationTest - application logs started......
13:27:35.426 [main] INFO  testCases.TC_001_AccountRegistrationTest - **** starting TC_001_AccountRegistrationTest  *****
13:27:35.616 [main] INFO  testCases.TC_001_AccountRegistrationTest - Clicked on MyAccount link
13:27:36.181 [main] INFO  testCases.TC_001_AccountRegistrationTest - Clicked on registration link
13:27:36.182 [main] INFO  testCases.TC_001_AccountRegistrationTest - Entering customer details.. 
13:27:38.382 [main] INFO  testCases.TC_001_AccountRegistrationTest - clicked on continue..
13:27:38.435 [main] INFO  testCases.TC_001_AccountRegistrationTest - Validating expected message..
13:27:38.435 [main] DEBUG testCases.TC_001_AccountRegistrationTest - application logs end.......
13:27:38.436 [main] INFO  testCases.TC_001_AccountRegistrationTest - **** finished TC_001_AccountRegistrationTest  *****
13:27:41.834 [main] INFO  testCases.TC_002_LoginTest - **** Starting TC_002_LoginTest  ****
13:27:41.834 [main] DEBUG testCases.TC_002_LoginTest - capturing application debug logs....
13:27:41.995 [main] INFO  testCases.TC_002_LoginTest - clicked on myaccount link on the home page..
13:27:42.380 [main] INFO  testCases.TC_002_LoginTest - clicked on login link under myaccount..
13:27:42.381 [main] INFO  testCases.TC_002_LoginTest - Entering valid email and password..
13:27:44.187 [main] INFO  testCases.TC_002_LoginTest - clicked on ligin button..
13:27:44.242 [main] INFO  testCases.TC_002_LoginTest - **** Finished TC_002_LoginTest  ****
13:27:48.245 [main] INFO  testCases.TC_004_SearchProductTest -  Starting TC_004_SearchProductTest 
13:27:50.214 [main] INFO  testCases.TC_004_SearchProductTest -  Finished TC_004_SearchProductTest 
13:27:53.779 [main] INFO  testCases.TC_005_AddToCartPageTest -  Starting TC_005_AddToCartPageTest 
13:27:55.674 [main] INFO  testCases.TC_005_AddToCartPageTest -  Finished TC_004_SearchProductTest 
13:28:57.180 [main] DEBUG testCases.TC_001_AccountRegistrationTest - application logs started......
13:28:57.180 [main] INFO  testCases.TC_001_AccountRegistrationTest - **** starting TC_001_AccountRegistrationTest  *****
13:28:57.186 [main] ERROR testCases.TC_001_AccountRegistrationTest - test failed..
13:50:24.746 [main] DEBUG org.testng.TestNG - suiteXmlPath: "D:\Work Activity\Pavan pgm File\Testing Pgm File\project\new project\opencart-master\mastersuite.xml"
13:50:30.024 [main] DEBUG testCases.TC_001_AccountRegistrationTest - application logs started......
13:50:30.024 [main] INFO  testCases.TC_001_AccountRegistrationTest - **** starting TC_001_AccountRegistrationTest  *****
13:50:30.354 [main] INFO  testCases.TC_001_AccountRegistrationTest - Clicked on MyAccount link
13:50:30.909 [main] INFO  testCases.TC_001_AccountRegistrationTest - Clicked on registration link
