13:50:30.909 [main] INFO  testCases.TC_001_AccountRegistrationTest - Entering customer details.. 
13:50:33.682 [main] INFO  testCases.TC_001_AccountRegistrationTest - clicked on continue..
13:50:33.736 [main] INFO  testCases.TC_001_AccountRegistrationTest - Validating expected message..
13:50:33.742 [main] DEBUG testCases.TC_001_AccountRegistrationTest - application logs end.......
13:50:33.742 [main] INFO  testCases.TC_001_AccountRegistrationTest - **** finished TC_001_AccountRegistrationTest  *****
13:50:36.999 [main] INFO  testCases.TC_002_LoginTest - **** Starting TC_002_LoginTest  ****
13:50:36.999 [main] DEBUG testCases.TC_002_LoginTest - capturing application debug logs....
13:50:37.181 [main] INFO  testCases.TC_002_LoginTest - clicked on myaccount link on the home page..
13:50:37.560 [main] INFO  testCases.TC_002_LoginTest - clicked on login link under myaccount..
13:50:37.563 [main] INFO  testCases.TC_002_LoginTest - Entering valid email and password..
13:50:38.881 [main] INFO  testCases.TC_002_LoginTest - clicked on ligin button..
13:50:38.962 [main] INFO  testCases.TC_002_LoginTest - **** Finished TC_002_LoginTest  ****
13:50:41.916 [main] INFO  testCases.TC_004_SearchProductTest -  Starting TC_004_SearchProductTest 
13:50:42.869 [main] INFO  testCases.TC_004_SearchProductTest -  Finished TC_004_SearchProductTest 
13:50:46.140 [main] INFO  testCases.TC_005_AddToCartPageTest -  Starting TC_005_AddToCartPageTest 
13:50:47.998 [main] INFO  testCases.TC_005_AddToCartPageTest -  Finished TC_004_SearchProductTest 
13:51:55.443 [main] DEBUG testCases.TC_001_AccountRegistrationTest - application logs started......
13:51:55.443 [main] INFO  testCases.TC_001_AccountRegistrationTest - **** starting TC_001_AccountRegistrationTest  *****
13:51:55.631 [main] INFO  testCases.TC_001_AccountRegistrationTest - Clicked on MyAccount link
13:51:56.213 [main] INFO  testCases.TC_001_AccountRegistrationTest - Clicked on registration link
13:51:56.213 [main] INFO  testCases.TC_001_AccountRegistrationTest - Entering customer details.. 
13:51:58.795 [main] INFO  testCases.TC_001_AccountRegistrationTest - clicked on continue..
13:51:58.844 [main] INFO  testCases.TC_001_AccountRegistrationTest - Validating expected message..
13:51:58.844 [main] DEBUG testCases.TC_001_AccountRegistrationTest - application logs end.......
13:51:58.844 [main] INFO  testCases.TC_001_AccountRegistrationTest - **** finished TC_001_AccountRegistrationTest  *****
13:52:02.479 [main] INFO  testCases.TC_002_LoginTest - **** Starting TC_002_LoginTest  ****
13:52:02.480 [main] DEBUG testCases.TC_002_LoginTest - capturing application debug logs....
13:52:02.758 [main] INFO  testCases.TC_002_LoginTest - clicked on myaccount link on the home page..
13:52:03.247 [main] INFO  testCases.TC_002_LoginTest - clicked on login link under myaccount..
13:52:03.247 [main] INFO  testCases.TC_002_LoginTest - Entering valid email and password..
13:52:04.822 [main] INFO  testCases.TC_002_LoginTest - clicked on ligin button..
13:52:04.874 [main] INFO  testCases.TC_002_LoginTest - **** Finished TC_002_LoginTest  ****
13:52:08.464 [main] INFO  testCases.TC_004_SearchProductTest -  Starting TC_004_SearchProductTest 
13:52:09.323 [main] INFO  testCases.TC_004_SearchProductTest -  Finished TC_004_SearchProductTest 
13:52:12.910 [main] INFO  testCases.TC_005_AddToCartPageTest -  Starting TC_005_AddToCartPageTest 
13:52:15.153 [main] INFO  testCases.TC_005_AddToCartPageTest -  Finished TC_004_SearchProductTest 
13:53:15.576 [main] DEBUG testCases.TC_001_AccountRegistrationTest - application logs started......
13:53:15.576 [main] INFO  testCases.TC_001_AccountRegistrationTest - **** starting TC_001_AccountRegistrationTest  *****
13:53:15.580 [main] ERROR testCases.TC_001_AccountRegistrationTest - test failed..
